<?xml version="1.0" encoding="UTF-8"?>
<testsuite name="com.bilal.androidthingscameralib.ExampleUnitTest" tests="1" skipped="0" failures="0" errors="0" timestamp="2017-10-18T13:16:01" hostname="MR-BLACK" time="0.001">
  <properties/>
  <testcase name="addition_isCorrect" classname="com.bilal.androidthingscameralib.ExampleUnitTest" time="0.001"/>
  <system-out><![CDATA[]]></system-out>
  <system-err><![CDATA[]]></system-err>
</testsuite>
